<?xml version="1.0" encoding="UTF-8"?>
<!-- Generated by org.testng.reporters.JUnitReportReporter -->
<testsuite skipped="0" hostname="DESKTOP-QBJ5JUT" name="com.acn.app.TestHelloWorld" tests="1" failures="0" timestamp="19 Mar 2018 16:38:18 GMT" time="0.009" errors="0">
  <testcase name="HelloWorldPrint" time="0.009" classname="com.acn.app.TestHelloWorld"/>
</testsuite> <!-- com.acn.app.TestHelloWorld -->
